# JRE version: OpenJDK Runtime Environment (11.0.8+10) (build 11.0.8+10-b944.6842174)
# Java VM: OpenJDK 64-Bit Server VM (11.0.8+10-b944.6842174, mixed mode, tiered, compressed oops, g1 gc, windows-amd64)
Heap:
 garbage-first heap   total 228352K, used 93256K [0x0000000080000000, 0x0000000100000000)
  region size 1024K, 12 young (12288K), 1 survivors (1024K)
 Metaspace       used 114787K, capacity 118564K, committed 119808K, reserved 1153024K
  class space    used 13996K, capacity 15336K, committed 15616K, reserved 1048576K
GC Heap History (20 events):
Event: 6735.473 GC heap before
{Heap before GC invocations=269 (full 0):
 garbage-first heap   total 228352K, used 138732K [0x0000000080000000, 0x0000000100000000)
  region size 1024K, 64 young (65536K), 1 survivors (1024K)
 Metaspace       used 114740K, capacity 118764K, committed 118912K, reserved 1153024K
  class space    used 14007K, capacity 15379K, committed 15488K, reserved 1048576K
}
Event: 6735.530 GC heap after
{Heap after GC invocations=270 (full 0):
 garbage-first heap   total 228352K, used 80594K [0x0000000080000000, 0x0000000100000000)
  region size 1024K, 5 young (5120K), 5 survivors (5120K)
 Metaspace       used 114740K, capacity 118764K, committed 118912K, reserved 1153024K
  class space    used 14007K, capacity 15379K, committed 15488K, reserved 1048576K
}
Event: 6768.437 GC heap before
{Heap before GC invocations=271 (full 0):
 garbage-first heap   total 228352K, used 160466K [0x0000000080000000, 0x0000000100000000)
  region size 1024K, 82 young (83968K), 5 survivors (5120K)
 Metaspace       used 114775K, capacity 118764K, committed 118912K, reserved 1153024K
  class space    used 14008K, capacity 15379K, committed 15488K, reserved 1048576K
}
Event: 6768.491 GC heap after
{Heap after GC invocations=272 (full 0):
 garbage-first heap   total 228352K, used 85620K [0x0000000080000000, 0x0000000100000000)
  region size 1024K, 8 young (8192K), 8 survivors (8192K)
 Metaspace       used 114775K, capacity 118764K, committed 118912K, reserved 1153024K
  class space    used 14008K, capacity 15379K, committed 15488K, reserved 1048576K
}
Event: 6768.527 GC heap before
{Heap before GC invocations=272 (full 0):
 garbage-first heap   total 228352K, used 87668K [0x0000000080000000, 0x0000000100000000)
  region size 1024K, 11 young (11264K), 8 survivors (8192K)
 Metaspace       used 114775K, capacity 118764K, committed 118912K, reserved 1153024K
  class space    used 14008K, capacity 15379K, committed 15488K, reserved 1048576K
}
Event: 6768.612 GC heap after
{Heap after GC invocations=273 (full 0):
 garbage-first heap   total 228352K, used 78813K [0x0000000080000000, 0x0000000100000000)
  region size 1024K, 2 young (2048K), 2 survivors (2048K)
 Metaspace       used 114775K, capacity 118764K, committed 118912K, reserved 1153024K
  class space    used 14008K, capacity 15379K, committed 15488K, reserved 1048576K
}
Event: 6769.181 GC heap before
{Heap before GC invocations=273 (full 0):
 garbage-first heap   total 228352K, used 105437K [0x0000000080000000, 0x0000000100000000)
  region size 1024K, 30 young (30720K), 2 survivors (2048K)
 Metaspace       used 114799K, capacity 118828K, committed 119168K, reserved 1153024K
  class space    used 14008K, capacity 15379K, committed 15488K, reserved 1048576K
}
Event: 6769.201 GC heap after
{Heap after GC invocations=274 (full 0):
 garbage-first heap   total 228352K, used 79363K [0x0000000080000000, 0x0000000100000000)
  region size 1024K, 2 young (2048K), 2 survivors (2048K)
 Metaspace       used 114799K, capacity 118828K, committed 119168K, reserved 1153024K
  class space    used 14008K, capacity 15379K, committed 15488K, reserved 1048576K
}
Event: 6806.396 GC heap before
{Heap before GC invocations=275 (full 0):
 garbage-first heap   total 228352K, used 181763K [0x0000000080000000, 0x0000000100000000)
  region size 1024K, 95 young (97280K), 2 survivors (2048K)
 Metaspace       used 114851K, capacity 118895K, committed 119168K, reserved 1153024K
  class space    used 14008K, capacity 15379K, committed 15488K, reserved 1048576K
}
Event: 6806.496 GC heap after
{Heap after GC invocations=276 (full 0):
 garbage-first heap   total 228352K, used 82529K [0x0000000080000000, 0x0000000100000000)
  region size 1024K, 3 young (3072K), 3 survivors (3072K)
 Metaspace       used 114851K, capacity 118895K, committed 119168K, reserved 1153024K
  class space    used 14008K, capacity 15379K, committed 15488K, reserved 1048576K
}
Event: 6806.859 GC heap before
{Heap before GC invocations=276 (full 0):
 garbage-first heap   total 228352K, used 89697K [0x0000000080000000, 0x0000000100000000)
  region size 1024K, 11 young (11264K), 3 survivors (3072K)
 Metaspace       used 114853K, capacity 118895K, committed 119168K, reserved 1153024K
  class space    used 14008K, capacity 15379K, committed 15488K, reserved 1048576K
}
Event: 6806.915 GC heap after
{Heap after GC invocations=277 (full 0):
 garbage-first heap   total 228352K, used 77909K [0x0000000080000000, 0x0000000100000000)
  region size 1024K, 2 young (2048K), 2 survivors (2048K)
 Metaspace       used 114853K, capacity 118895K, committed 119168K, reserved 1153024K
  class space    used 14008K, capacity 15379K, committed 15488K, reserved 1048576K
}
Event: 6807.863 GC heap before
{Heap before GC invocations=277 (full 0):
 garbage-first heap   total 228352K, used 134229K [0x0000000080000000, 0x0000000100000000)
  region size 1024K, 59 young (60416K), 2 survivors (2048K)
 Metaspace       used 114880K, capacity 118896K, committed 119168K, reserved 1153024K
  class space    used 14008K, capacity 15379K, committed 15488K, reserved 1048576K
}
Event: 6807.901 GC heap after
{Heap after GC invocations=278 (full 0):
 garbage-first heap   total 228352K, used 80522K [0x0000000080000000, 0x0000000100000000)
  region size 1024K, 5 young (5120K), 5 survivors (5120K)
 Metaspace       used 114880K, capacity 118896K, committed 119168K, reserved 1153024K
  class space    used 14008K, capacity 15379K, committed 15488K, reserved 1048576K
}
Event: 7373.452 GC heap before
{Heap before GC invocations=279 (full 0):
 garbage-first heap   total 228352K, used 173706K [0x0000000080000000, 0x0000000100000000)
  region size 1024K, 89 young (91136K), 5 survivors (5120K)
 Metaspace       used 114938K, capacity 118967K, committed 119168K, reserved 1153024K
  class space    used 14009K, capacity 15379K, committed 15488K, reserved 1048576K
}
Event: 7373.560 GC heap after
{Heap after GC invocations=280 (full 0):
 garbage-first heap   total 228352K, used 82042K [0x0000000080000000, 0x0000000100000000)
  region size 1024K, 4 young (4096K), 4 survivors (4096K)
 Metaspace       used 114938K, capacity 118967K, committed 119168K, reserved 1153024K
  class space    used 14009K, capacity 15379K, committed 15488K, reserved 1048576K
}
Event: 7721.393 GC heap before
{Heap before GC invocations=280 (full 0):
 garbage-first heap   total 228352K, used 89210K [0x0000000080000000, 0x0000000100000000)
  region size 1024K, 11 young (11264K), 4 survivors (4096K)
 Metaspace       used 114938K, capacity 118967K, committed 119168K, reserved 1153024K
  class space    used 14009K, capacity 15379K, committed 15488K, reserved 1048576K
}
Event: 7721.582 GC heap after
{Heap after GC invocations=281 (full 0):
 garbage-first heap   total 228352K, used 74768K [0x0000000080000000, 0x0000000100000000)
  region size 1024K, 1 young (1024K), 1 survivors (1024K)
 Metaspace       used 114938K, capacity 118967K, committed 119168K, reserved 1153024K
  class space    used 14009K, capacity 15379K, committed 15488K, reserved 1048576K
}
Event: 9429.201 GC heap before
{Heap before GC invocations=281 (full 0):
 garbage-first heap   total 228352K, used 107536K [0x0000000080000000, 0x0000000100000000)
  region size 1024K, 34 young (34816K), 1 survivors (1024K)
 Metaspace       used 115005K, capacity 119067K, committed 119168K, reserved 1153024K
  class space    used 14020K, capacity 15387K, committed 15488K, reserved 1048576K
}
Event: 9429.326 GC heap after
{Heap after GC invocations=282 (full 0):
 garbage-first heap   total 228352K, used 74824K [0x0000000080000000, 0x0000000100000000)
  region size 1024K, 1 young (1024K), 1 survivors (1024K)
 Metaspace       used 115005K, capacity 119067K, committed 119168K, reserved 1153024K
  class space    used 14020K, capacity 15387K, committed 15488K, reserved 1048576K
}

